Using pre-set license
Built from '2020.3/china_unity/release' branch; Version is '2020.3.7f1c1 (98d1c84f5ffb) revision 10015176'; Using compiler version '192528614'; Build Type 'Release'
OS: 'Windows 10 Enterprise; OS build 18363.592; Version 1909; 64bit' Language: 'zh' Physical Memory: 16317 MB
BatchMode: 1, IsHumanControllingUs: 0, StartBugReporterOnCrash: 0, Is64bit: 1, IsPro: 0

 COMMAND LINE ARGUMENTS:
F:\software\Unity\Editor\Unity.exe
-adb2
-batchMode
-noUpm
-name
AssetImportWorker0
-projectPath
F:/文档/code/Unity/Shogi55-3D
-logFile
Logs/AssetImportWorker0.log
-srvPort
9530
Successfully changed project path to: F:/文档/code/Unity/Shogi55-3D
F:/文档/code/Unity/Shogi55-3D
Using Asset Import Pipeline V2.
Refreshing native plugins compatible for Editor in 38.91 ms, found 0 plugins.
Preloading 0 native plugins for Editor in 0.00 ms.
Initialize engine version: 2020.3.7f1c1 (98d1c84f5ffb)
[Subsystems] Discovering subsystems at path F:/software/Unity/Editor/Data/Resources/UnitySubsystems
[Subsystems] Discovering subsystems at path F:/文档/code/Unity/Shogi55-3D/Assets
GfxDevice: creating device client; threaded=0
Direct3D:
    Version:  Direct3D 11.0 [level 11.1]
    Renderer: NVIDIA GeForce GTX 1050 Ti (ID=0x1c82)
    Vendor:   
    VRAM:     4018 MB
    Driver:   27.21.14.5671
Initialize mono
Mono path[0] = 'F:/software/Unity/Editor/Data/Managed'
Mono path[1] = 'F:/software/Unity/Editor/Data/MonoBleedingEdge/lib/mono/unityjit'
Mono config path = 'F:/software/Unity/Editor/Data/MonoBleedingEdge/etc'
Using monoOptions --debugger-agent=transport=dt_socket,embedding=1,server=y,suspend=n,address=127.0.0.1:56144
Begin MonoManager ReloadAssembly
Registering precompiled unity dll's ...
Register platform support module: F:/software/Unity/Editor/Data/PlaybackEngines/WindowsStandaloneSupport/UnityEditor.WindowsStandalone.Extensions.dll
Registered in 0.001881 seconds.
Native extension for WindowsStandalone target not found
Refreshing native plugins compatible for Editor in 41.34 ms, found 0 plugins.
Preloading 0 native plugins for Editor in 0.00 ms.
Mono: successfully reloaded assembly
- Completed reload, in  1.556 seconds
Platform modules already initialized, skipping
Registering precompiled user dll's ...
Registered in 0.000985 seconds.
Begin MonoManager ReloadAssembly
Native extension for WindowsStandalone target not found
Refreshing native plugins compatible for Editor in 0.40 ms, found 0 plugins.
Preloading 0 native plugins for Editor in 0.00 ms.
Mono: successfully reloaded assembly
- Completed reload, in  1.409 seconds
Platform modules already initialized, skipping
========================================================================
Worker process is ready to serve import requests
Launched and connected shader compiler UnityShaderCompiler.exe after 0.09 seconds
Refreshing native plugins compatible for Editor in 0.41 ms, found 0 plugins.
Preloading 0 native plugins for Editor in 0.00 ms.
Unloading 1126 Unused Serialized files (Serialized files now loaded: 0)
System memory in use before: 57.4 MB.
System memory in use after: 57.5 MB.

Unloading 9 unused Assets to reduce memory usage. Loaded Objects now: 1570.
Total: 2.422800 ms (FindLiveObjects: 0.185000 ms CreateObjectMapping: 0.070000 ms MarkObjects: 2.076900 ms  DeleteObjects: 0.088800 ms)

========================================================================
Received Prepare
Registering precompiled user dll's ...
Registered in 0.001082 seconds.
Begin MonoManager ReloadAssembly
Native extension for WindowsStandalone target not found
Refreshing native plugins compatible for Editor in 0.38 ms, found 0 plugins.
Preloading 0 native plugins for Editor in 0.00 ms.
Mono: successfully reloaded assembly
- Completed reload, in  1.266 seconds
Platform modules already initialized, skipping
Refreshing native plugins compatible for Editor in 0.32 ms, found 0 plugins.
Preloading 0 native plugins for Editor in 0.00 ms.
Unloading 1120 Unused Serialized files (Serialized files now loaded: 0)
System memory in use before: 57.2 MB.
System memory in use after: 57.3 MB.

Unloading 4 unused Assets to reduce memory usage. Loaded Objects now: 1573.
Total: 2.155900 ms (FindLiveObjects: 0.168600 ms CreateObjectMapping: 0.067400 ms MarkObjects: 1.895000 ms  DeleteObjects: 0.023000 ms)

========================================================================
Received Prepare
Registering precompiled user dll's ...
Registered in 0.001028 seconds.
Begin MonoManager ReloadAssembly
Native extension for WindowsStandalone target not found
Refreshing native plugins compatible for Editor in 0.39 ms, found 0 plugins.
Preloading 0 native plugins for Editor in 0.00 ms.
Mono: successfully reloaded assembly
- Completed reload, in  1.277 seconds
Platform modules already initialized, skipping
Refreshing native plugins compatible for Editor in 0.30 ms, found 0 plugins.
Preloading 0 native plugins for Editor in 0.00 ms.
Unloading 1120 Unused Serialized files (Serialized files now loaded: 0)
System memory in use before: 57.2 MB.
System memory in use after: 57.3 MB.

Unloading 4 unused Assets to reduce memory usage. Loaded Objects now: 1576.
Total: 2.115200 ms (FindLiveObjects: 0.154400 ms CreateObjectMapping: 0.067100 ms MarkObjects: 1.868800 ms  DeleteObjects: 0.023100 ms)

========================================================================
Received Import Request.
  path: Assets/Scripts/UIScripts/UndoButtScript.cs
  artifactKey: Guid(1c22de768643af645adc15f5d7ac012f) Importer(815301076,1909f56bfc062723c751e8b465ee728b)
Start importing Assets/Scripts/UIScripts/UndoButtScript.cs using Guid(1c22de768643af645adc15f5d7ac012f) Importer(815301076,1909f56bfc062723c751e8b465ee728b)  -> (artifact id: 'dcbf6e7dbe1f00c762e32fe4e4c342d2') in 0.046030 seconds
  Import took 0.048871 seconds .

========================================================================
Received Import Request.
  Time since last request: 0.046996 seconds.
  path: Assets/Scripts/GameController.cs
  artifactKey: Guid(21e10c25122f88448bfaa9948ceeca91) Importer(815301076,1909f56bfc062723c751e8b465ee728b)
Start importing Assets/Scripts/GameController.cs using Guid(21e10c25122f88448bfaa9948ceeca91) Importer(815301076,1909f56bfc062723c751e8b465ee728b)  -> (artifact id: 'ad8d94d28716514018b08e2a31a816f5') in 0.005819 seconds
  Import took 0.008293 seconds .

========================================================================
Received Import Request.
  Time since last request: 0.021337 seconds.
  path: Assets/Scripts/Movement.cs
  artifactKey: Guid(e7ce07b8556cff94ca36bfb3301801d8) Importer(815301076,1909f56bfc062723c751e8b465ee728b)
Start importing Assets/Scripts/Movement.cs using Guid(e7ce07b8556cff94ca36bfb3301801d8) Importer(815301076,1909f56bfc062723c751e8b465ee728b)  -> (artifact id: 'f6edda0a76b614ad4518418b1b724c6b') in 0.005959 seconds
  Import took 0.008365 seconds .

========================================================================
Received Import Request.
  Time since last request: 0.021973 seconds.
  path: Assets/Scripts/UIScripts/TextScript.cs
  artifactKey: Guid(4562e319be0fbf94699c65b45df77c80) Importer(815301076,1909f56bfc062723c751e8b465ee728b)
Start importing Assets/Scripts/UIScripts/TextScript.cs using Guid(4562e319be0fbf94699c65b45df77c80) Importer(815301076,1909f56bfc062723c751e8b465ee728b)  -> (artifact id: '45a7dcee43bcb1b9e82be12765267d39') in 0.006614 seconds
  Import took 0.009839 seconds .

========================================================================
Received Import Request.
  Time since last request: 0.009360 seconds.
  path: Assets/Perfabs/Rook1.prefab
  artifactKey: Guid(fe6fc704e32266c4fa10f2f27d95f8c8) Importer(815301076,1909f56bfc062723c751e8b465ee728b)
Start importing Assets/Perfabs/Rook1.prefab using Guid(fe6fc704e32266c4fa10f2f27d95f8c8) Importer(815301076,1909f56bfc062723c751e8b465ee728b)  -> (artifact id: 'e120bb92312a3b1372c1fc09c6a7d9f0') in 0.135615 seconds
  Import took 0.138475 seconds .

========================================================================
Received Import Request.
  Time since last request: 0.010029 seconds.
  path: Assets/Scenes/Shogi55.unity
  artifactKey: Guid(18e43c71d4695c84c9d6c10252c946fd) Importer(815301076,1909f56bfc062723c751e8b465ee728b)
Start importing Assets/Scenes/Shogi55.unity using Guid(18e43c71d4695c84c9d6c10252c946fd) Importer(815301076,1909f56bfc062723c751e8b465ee728b)  -> (artifact id: '831eca60cab29911f21cbc1212fc821b') in 0.006237 seconds
  Import took 0.008353 seconds .

========================================================================
Received Import Request.
  Time since last request: 0.004299 seconds.
  path: Assets/Scripts/PieceInfo.cs
  artifactKey: Guid(d22dc127aeb483b4a8e947befb6b56dc) Importer(815301076,1909f56bfc062723c751e8b465ee728b)
Start importing Assets/Scripts/PieceInfo.cs using Guid(d22dc127aeb483b4a8e947befb6b56dc) Importer(815301076,1909f56bfc062723c751e8b465ee728b)  -> (artifact id: '7cf68136a62e165fd83007fbca352537') in 0.006058 seconds
  Import took 0.008382 seconds .

========================================================================
Received Import Request.
  Time since last request: 0.024874 seconds.
  path: Assets/Perfabs/Silver1.prefab
  artifactKey: Guid(8e5f281e1e8bb424c995803afcde61ed) Importer(815301076,1909f56bfc062723c751e8b465ee728b)
Start importing Assets/Perfabs/Silver1.prefab using Guid(8e5f281e1e8bb424c995803afcde61ed) Importer(815301076,1909f56bfc062723c751e8b465ee728b)  -> (artifact id: 'cbb760f437ee41192c320a5566f5ed2e') in 0.014702 seconds
  Import took 0.017192 seconds .

========================================================================
Received Import Request.
  Time since last request: 0.012529 seconds.
  path: Assets/Scripts/Promotion.cs
  artifactKey: Guid(da077b7edc800354585194aa3bd49a5c) Importer(815301076,1909f56bfc062723c751e8b465ee728b)
Start importing Assets/Scripts/Promotion.cs using Guid(da077b7edc800354585194aa3bd49a5c) Importer(815301076,1909f56bfc062723c751e8b465ee728b)  -> (artifact id: '6ee251ab7a9f3c1441e5070c2a7e4248') in 0.005650 seconds
  Import took 0.007753 seconds .

========================================================================
Received Import Request.
  Time since last request: 0.031766 seconds.
  path: Assets/Scripts/Drops.cs
  artifactKey: Guid(68d261b662429fd46aad58b99788f5a0) Importer(815301076,1909f56bfc062723c751e8b465ee728b)
Start importing Assets/Scripts/Drops.cs using Guid(68d261b662429fd46aad58b99788f5a0) Importer(815301076,1909f56bfc062723c751e8b465ee728b)  -> (artifact id: '3e796b90eb8613901e6a07879483422b') in 0.005752 seconds
  Import took 0.007925 seconds .

========================================================================
Received Import Request.
  Time since last request: 39.656862 seconds.
  path: Assets/Scripts/Checkmate.cs
  artifactKey: Guid(e5d1e69904fa9e14398f1335a7a37e17) Importer(815301076,1909f56bfc062723c751e8b465ee728b)
Start importing Assets/Scripts/Checkmate.cs using Guid(e5d1e69904fa9e14398f1335a7a37e17) Importer(815301076,1909f56bfc062723c751e8b465ee728b)  -> (artifact id: '16ff2308dfe50b0afbc34ec143864a78') in 0.006339 seconds
  Import took 0.008865 seconds .

========================================================================
Received Prepare
Registering precompiled user dll's ...
Registered in 0.001187 seconds.
Begin MonoManager ReloadAssembly
Native extension for WindowsStandalone target not found
Refreshing native plugins compatible for Editor in 0.39 ms, found 0 plugins.
Preloading 0 native plugins for Editor in 0.00 ms.
Mono: successfully reloaded assembly
- Completed reload, in  1.292 seconds
Platform modules already initialized, skipping
Refreshing native plugins compatible for Editor in 0.37 ms, found 0 plugins.
Preloading 0 native plugins for Editor in 0.00 ms.
Unloading 1121 Unused Serialized files (Serialized files now loaded: 0)
System memory in use before: 60.4 MB.
System memory in use after: 60.5 MB.

Unloading 4 unused Assets to reduce memory usage. Loaded Objects now: 1588.
Total: 2.139500 ms (FindLiveObjects: 0.153100 ms CreateObjectMapping: 0.064600 ms MarkObjects: 1.901300 ms  DeleteObjects: 0.018700 ms)

========================================================================
Received Prepare
Registering precompiled user dll's ...
Registered in 0.000989 seconds.
Begin MonoManager ReloadAssembly
Native extension for WindowsStandalone target not found
Refreshing native plugins compatible for Editor in 0.39 ms, found 0 plugins.
Preloading 0 native plugins for Editor in 0.00 ms.
Mono: successfully reloaded assembly
- Completed reload, in  1.235 seconds
Platform modules already initialized, skipping
Refreshing native plugins compatible for Editor in 0.25 ms, found 0 plugins.
Preloading 0 native plugins for Editor in 0.00 ms.
Unloading 1121 Unused Serialized files (Serialized files now loaded: 0)
System memory in use before: 60.5 MB.
System memory in use after: 60.6 MB.

Unloading 4 unused Assets to reduce memory usage. Loaded Objects now: 1591.
Total: 2.153500 ms (FindLiveObjects: 0.160900 ms CreateObjectMapping: 0.066800 ms MarkObjects: 1.906300 ms  DeleteObjects: 0.017700 ms)

========================================================================
Received Import Request.
  Time since last request: 196.805602 seconds.
  path: Assets/Scripts/Checkmate.cs
  artifactKey: Guid(e5d1e69904fa9e14398f1335a7a37e17) Importer(815301076,1909f56bfc062723c751e8b465ee728b)
Start importing Assets/Scripts/Checkmate.cs using Guid(e5d1e69904fa9e14398f1335a7a37e17) Importer(815301076,1909f56bfc062723c751e8b465ee728b)  -> (artifact id: 'f5913b5aa47a58fcf432207203641594') in 0.007370 seconds
  Import took 0.009771 seconds .

AssetImportWorkerClient::OnTransportError - code=2 error=End of file
